#
# A fatal error has been detected by the Java Runtime Environment:
#
#  EXCEPTION_ACCESS_VIOLATION (0xc0000005) at pc=0x0000000055a805cf, pid=660, tid=1100
#
# JRE version: 7.0-b147
# Java VM: Java HotSpot(TM) 64-Bit Server VM (21.0-b17 mixed mode windows-amd64 compressed oops)
# Problematic frame:
# V  [jvm.dll+0x3e05cf]
#
# Failed to write core dump. Minidumps are not enabled by default on client versions of Windows
#
# If you would like to submit a bug report, please visit:
#   http://bugreport.sun.com/bugreport/crash.jsp
#

---------------  T H R E A D  ---------------

Current thread (0x0000000007420800):  JavaThread "C2 CompilerThread1" daemon [_thread_in_native, id=1100, stack(0x0000000008be0000,0x0000000008ce0000)]

siginfo: ExceptionCode=0xc0000005, reading address 0x0000000000000008

Registers:
RAX=0x0000000000000000, RBX=0x0000000008cdc8a0, RCX=0x000000000ba4c020, RDX=0x0000000000000000
RSP=0x0000000008cdba50, RBP=0x0000000008cdbc00, RSI=0x000000000742f0a0, RDI=0x0000000000000000
R8 =0x000000000a3a2f90, R9 =0x0000000000002000, R10=0x0000000009d69e30, R11=0x0000000000000000
R12=0x0000000009f38390, R13=0x0000000009984320, R14=0x0000000008cdbb20, R15=0x0000000008cdbb40
RIP=0x0000000055a805cf, EFLAGS=0x0000000000010287

Top of Stack: (sp=0x0000000008cdba50)
0x0000000008cdba50:   0000000008cdc8a0 0000000009f38390
0x0000000008cdba60:   000000000a93edb0 0000000000000000
0x0000000008cdba70:   0000000009f38390 0000000000000002
0x0000000008cdba80:   000000000998b218 0000000055a81079
0x0000000008cdba90:   0000000008cdbc00 000000000000019e
0x0000000008cdbaa0:   0000000008cdbb88 0000000008cdbc00
0x0000000008cdbab0:   0000000000000020 0000000008f41cf8
0x0000000008cdbac0:   0000000000000000 000000000000c070
0x0000000008cdbad0:   00000000095e52e0 0000000008cdbc00
0x0000000008cdbae0:   0000000007407d70 0000000000000002
0x0000000008cdbaf0:   0000000008cdc8a0 0000000055a831a7
0x0000000008cdbb00:   0000000008cdc8a0 0000000000000001
0x0000000008cdbb10:   0000000000000002 0000000008cdbb88
0x0000000008cdbb20:   0000000007407d70 0000000000000200
0x0000000008cdbb30:   0000000009a925c0 000000000000019f
0x0000000008cdbb40:   0000000055bdd478 0000000007407d70 

Instructions: (pc=0x0000000055a805cf)
0x0000000055a805af:   48 3b f0 0f 84 78 01 00 00 44 8b 4b 28 0f 1f 40
0x0000000055a805bf:   00 41 8b 53 28 4c 8b 83 e0 09 00 00 4d 8b 1c d0
0x0000000055a805cf:   49 8b 43 08 48 39 38 75 2d 0f 1f 84 00 00 00 00
0x0000000055a805df:   00 41 8b 43 28 41 3b c1 73 0c 8b c8 48 8b 43 30 


Register to memory mapping:

RAX=0x0000000000000000 is an unknown value
RBX=0x0000000008cdc8a0 is pointing into the stack for thread: 0x0000000007420800
RCX=0x000000000ba4c020 is an unknown value
RDX=0x0000000000000000 is an unknown value
RSP=0x0000000008cdba50 is pointing into the stack for thread: 0x0000000007420800
RBP=0x0000000008cdbc00 is pointing into the stack for thread: 0x0000000007420800
RSI=0x000000000742f0a0 is an unknown value
RDI=0x0000000000000000 is an unknown value
R8 =0x000000000a3a2f90 is an unknown value
R9 =0x0000000000002000 is an unknown value
R10=0x0000000009d69e30 is an unknown value
R11=0x0000000000000000 is an unknown value
R12=0x0000000009f38390 is an unknown value
R13=0x0000000009984320 is an unknown value
R14=0x0000000008cdbb20 is pointing into the stack for thread: 0x0000000007420800
R15=0x0000000008cdbb40 is pointing into the stack for thread: 0x0000000007420800


Stack: [0x0000000008be0000,0x0000000008ce0000],  sp=0x0000000008cdba50,  free space=1006k
Native frames: (J=compiled Java code, j=interpreted, Vv=VM code, C=native code)
V  [jvm.dll+0x3e05cf]


Current CompileTask:
C2:4154532  671             jregex.Pretokenizer::next (1064 bytes)


---------------  P R O C E S S  ---------------

Java Threads: ( => current thread )
  0x000000000906d800 JavaThread "net.sf.ehcache.CacheManager@28d9a788" daemon [_thread_blocked, id=6084, stack(0x000000000ae30000,0x000000000af30000)]
  0x000000000906f800 JavaThread "New I/O server worker #1-8" [_thread_in_native, id=6972, stack(0x000000000afc0000,0x000000000b0c0000)]
  0x000000000906c000 JavaThread "New I/O server worker #1-7" [_thread_in_native, id=5476, stack(0x000000000c570000,0x000000000c670000)]
  0x0000000009aaf000 JavaThread "com.mchange.v2.async.ThreadPoolAsynchronousRunner$PoolThread-#2" daemon [_thread_in_native, id=6968, stack(0x0000000008d00000,0x0000000008e00000)]
  0x000000000a308000 JavaThread "com.mchange.v2.async.ThreadPoolAsynchronousRunner$PoolThread-#1" daemon [_thread_blocked, id=1424, stack(0x000000000b200000,0x000000000b300000)]
  0x000000000a7d7800 JavaThread "com.mchange.v2.async.ThreadPoolAsynchronousRunner$PoolThread-#0" daemon [_thread_blocked, id=6552, stack(0x000000000caa0000,0x000000000cba0000)]
  0x0000000009b07000 JavaThread "Timer-0" daemon [_thread_blocked, id=2712, stack(0x000000000c940000,0x000000000ca40000)]
  0x000000000a1d1800 JavaThread "play-thread-1" [_thread_in_Java, id=2420, stack(0x000000000b0e0000,0x000000000b1e0000)]
  0x00000000023ae800 JavaThread "DestroyJavaVM" [_thread_blocked, id=1436, stack(0x00000000024a0000,0x00000000025a0000)]
  0x0000000009cb9800 JavaThread "New I/O server boss #1 ([id: 0x02b887a3, /0:0:0:0:0:0:0:0:9000])" [_thread_in_native, id=4008, stack(0x000000000ac20000,0x000000000ad20000)]
  0x000000000742c000 JavaThread "Service Thread" daemon [_thread_blocked, id=4024, stack(0x0000000008e10000,0x0000000008f10000)]
=>0x0000000007420800 JavaThread "C2 CompilerThread1" daemon [_thread_in_native, id=1100, stack(0x0000000008be0000,0x0000000008ce0000)]
  0x000000000741b800 JavaThread "C2 CompilerThread0" daemon [_thread_blocked, id=6352, stack(0x0000000008910000,0x0000000008a10000)]
  0x0000000007411000 JavaThread "JDWP Event Helper Thread" daemon [_thread_blocked, id=4028, stack(0x0000000008a70000,0x0000000008b70000)]
  0x000000000740b800 JavaThread "JDWP Transport Listener: dt_socket" daemon [_thread_in_native, id=6496, stack(0x00000000087f0000,0x00000000088f0000)]
  0x00000000073d7800 JavaThread "Attach Listener" daemon [_thread_blocked, id=6732, stack(0x0000000007c40000,0x0000000007d40000)]
  0x00000000073d6800 JavaThread "Signal Dispatcher" daemon [_thread_blocked, id=6932, stack(0x0000000008070000,0x0000000008170000)]
  0x0000000007353800 JavaThread "Finalizer" daemon [_thread_blocked, id=5464, stack(0x0000000008170000,0x0000000008270000)]
  0x000000000734a800 JavaThread "Reference Handler" daemon [_thread_blocked, id=3044, stack(0x0000000007f50000,0x0000000008050000)]

Other Threads:
  0x000000000733f800 VMThread [stack: 0x0000000007db0000,0x0000000007eb0000] [id=4896]
  0x0000000007437000 WatcherThread [stack: 0x0000000008550000,0x0000000008650000] [id=6476]

VM state:not at safepoint (normal execution)

VM Mutex/Monitor currently owned by a thread: None

Heap
 PSYoungGen      total 61376K, used 9716K [0x00000007aab60000, 0x00000007b0c00000, 0x0000000800000000)
  eden space 58112K, 11% used [0x00000007aab60000,0x00000007ab1b97f0,0x00000007ae420000)
  from space 3264K, 98% used [0x00000007ae580000,0x00000007ae8a3a00,0x00000007ae8b0000)
  to   space 20416K, 0% used [0x00000007af810000,0x00000007af810000,0x00000007b0c00000)
 PSOldGen        total 174720K, used 26575K [0x0000000700200000, 0x000000070aca0000, 0x00000007aab60000)
  object space 174720K, 15% used [0x0000000700200000,0x0000000701bf3e40,0x000000070aca0000)
 PSPermGen       total 41408K, used 41380K [0x00000006fb000000, 0x00000006fd870000, 0x0000000700200000)
  object space 41408K, 99% used [0x00000006fb000000,0x00000006fd869390,0x00000006fd870000)

Code Cache  [0x00000000026a0000, 0x0000000002a70000, 0x00000000056a0000)
 total_blobs=1337 nmethods=638 adapters=657 free_code_cache=45331Kb largest_free_block=46350528

Dynamic libraries:
0x000000013fdd0000 - 0x000000013fe03000 	C:\Program Files\Java\jdk1.7.0\bin\java.exe
0x0000000076ef0000 - 0x000000007709c000 	C:\Windows\SYSTEM32\ntdll.dll
0x0000000076c70000 - 0x0000000076d8f000 	C:\Windows\system32\kernel32.dll
0x000007fefd680000 - 0x000007fefd6ec000 	C:\Windows\system32\KERNELBASE.dll
0x000007fefdc00000 - 0x000007fefdcdb000 	C:\Windows\system32\ADVAPI32.dll
0x000007fefea70000 - 0x000007fefeb0f000 	C:\Windows\system32\msvcrt.dll
0x000007fefee40000 - 0x000007fefee5f000 	C:\Windows\SYSTEM32\sechost.dll
0x000007fefd9c0000 - 0x000007fefdaee000 	C:\Windows\system32\RPCRT4.dll
0x0000000076a20000 - 0x0000000076b1a000 	C:\Windows\system32\USER32.dll
0x000007fefdb90000 - 0x000007fefdbf7000 	C:\Windows\system32\GDI32.dll
0x000007fefec20000 - 0x000007fefec2e000 	C:\Windows\system32\LPK.dll
0x000007fefee60000 - 0x000007fefef2a000 	C:\Windows\system32\USP10.dll
0x000007fefb9a0000 - 0x000007fefbb94000 	C:\Windows\WinSxS\amd64_microsoft.windows.common-controls_6595b64144ccf1df_6.0.7600.16661_none_fa62ad231704eab7\COMCTL32.dll
0x000007fefdaf0000 - 0x000007fefdb61000 	C:\Windows\system32\SHLWAPI.dll
0x000007fefeb90000 - 0x000007fefebbe000 	C:\Windows\system32\IMM32.DLL
0x000007fefd8b0000 - 0x000007fefd9b9000 	C:\Windows\system32\MSCTF.dll
0x0000000055d70000 - 0x0000000055e41000 	C:\Program Files\Java\jdk1.7.0\jre\bin\msvcr100.dll
0x00000000556a0000 - 0x0000000055d6e000 	C:\Program Files\Java\jdk1.7.0\jre\bin\server\jvm.dll
0x000007fef7100000 - 0x000007fef7109000 	C:\Windows\system32\WSOCK32.dll
0x000007feff1b0000 - 0x000007feff1fd000 	C:\Windows\system32\WS2_32.dll
0x000007fefec10000 - 0x000007fefec18000 	C:\Windows\system32\NSI.dll
0x000007fefa4a0000 - 0x000007fefa4db000 	C:\Windows\system32\WINMM.dll
0x00000000770c0000 - 0x00000000770c7000 	C:\Windows\system32\PSAPI.DLL
0x0000000071790000 - 0x000000007179f000 	C:\Program Files\Java\jdk1.7.0\jre\bin\verify.dll
0x0000000071750000 - 0x0000000071778000 	C:\Program Files\Java\jdk1.7.0\jre\bin\java.dll
0x00000000716d0000 - 0x0000000071705000 	C:\Program Files\Java\jdk1.7.0\jre\bin\jdwp.dll
0x0000000071720000 - 0x0000000071743000 	C:\Program Files\Java\jdk1.7.0\jre\bin\instrument.dll
0x0000000071710000 - 0x0000000071718000 	C:\Program Files\Java\jdk1.7.0\jre\bin\npt.dll
0x000000006f4a0000 - 0x000000006f4b5000 	C:\Program Files\Java\jdk1.7.0\jre\bin\zip.dll
0x000000006f490000 - 0x000000006f499000 	C:\Program Files\Java\jdk1.7.0\jre\bin\dt_socket.dll
0x000007fefcbd0000 - 0x000007fefcc24000 	C:\Windows\system32\mswsock.dll
0x000007fefc530000 - 0x000007fefc537000 	C:\Windows\System32\wshtcpip.dll
0x0000000068070000 - 0x0000000068089000 	C:\Program Files\Java\jdk1.7.0\jre\bin\net.dll
0x000007fefcbc0000 - 0x000007fefcbc7000 	C:\Windows\System32\wship6.dll
0x0000000068050000 - 0x0000000068061000 	C:\Program Files\Java\jdk1.7.0\jre\bin\nio.dll
0x000007fefcc30000 - 0x000007fefcc47000 	C:\Windows\system32\CRYPTSP.dll
0x000007fefc930000 - 0x000007fefc977000 	C:\Windows\system32\rsaenh.dll
0x000007fefc660000 - 0x000007fefc67e000 	C:\Windows\system32\USERENV.dll
0x000007fefd360000 - 0x000007fefd36f000 	C:\Windows\system32\profapi.dll
0x000007fefd290000 - 0x000007fefd29f000 	C:\Windows\system32\CRYPTBASE.dll
0x000007fefbe30000 - 0x000007fefbe45000 	C:\Windows\system32\NLAapi.dll
0x000007fefca50000 - 0x000007fefcaab000 	C:\Windows\system32\DNSAPI.dll
0x000007fef7150000 - 0x000007fef715b000 	C:\Windows\System32\winrnr.dll
0x000007fef7130000 - 0x000007fef7145000 	C:\Windows\system32\napinsp.dll
0x000007fef7110000 - 0x000007fef7129000 	C:\Windows\system32\pnrpnsp.dll
0x000007fef7590000 - 0x000007fef75bf000 	C:\Program Files\Common Files\Microsoft Shared\Windows Live\WLIDNSP.DLL
0x000007fefb080000 - 0x000007fefb0a7000 	C:\Windows\system32\IPHLPAPI.DLL
0x000007fefb060000 - 0x000007fefb06b000 	C:\Windows\system32\WINNSI.DLL
0x000007fef7540000 - 0x000007fef7548000 	C:\Windows\system32\rasadhlp.dll
0x000007fefaf20000 - 0x000007fefaf73000 	C:\Windows\System32\fwpuclnt.dll
0x0000000068040000 - 0x000000006804b000 	C:\Program Files\Java\jdk1.7.0\jre\bin\management.dll
0x0000000063940000 - 0x0000000063964000 	C:\Program Files\Java\jdk1.7.0\jre\bin\sunec.dll

VM Arguments:
jvm_args: -javaagent:C:\play-1.2.4\framework/play-1.2.4.jar -XX:-UseSplitVerifier -Dfile.encoding=utf-8 -Xdebug -Xrunjdwp:transport=dt_socket,address=8000,server=y,suspend=n -Dplay.debug=yes -Dapplication.path=G:\Documents\Java-projects\play\test-play -Dplay.id= 
java_command: play.server.Server 
Launcher Type: SUN_STANDARD

Environment Variables:
JAVA_HOME=C:\Program Files\Java\jdk1.7.0
PATH=C:\Program Files (x86)\JetBrains\IntelliJ IDEA 11.1.1\bin\..\.\bin;C:\Program Files (x86)\NVIDIA Corporation\PhysX\Common;C:\Program Files\Common Files\Microsoft Shared\Windows Live;C:\Program Files (x86)\Common Files\Microsoft Shared\Windows Live;C:\Windows\system32;C:\Windows;C:\Windows\System32\Wbem;C:\Windows\System32\WindowsPowerShell\v1.0\;C:\Program Files (x86)\Windows Live\Shared;C:\Program Files\Java\jdk1.7.0\bin;C:\Program Files\MySQL\MySQL Server 5.5\bin;C:\apache-maven-3.0.2\bin;C:\jboss-as-web-7.0.1.Final\bin;C:\cloudbees-sdk-0.8.1;C:\play-1.2.4;c:\program files (x86)\jetbrains\intellij idea 11.1.1\jre\jre\bin
USERNAME=Alexis
OS=Windows_NT
PROCESSOR_IDENTIFIER=Intel64 Family 6 Model 26 Stepping 5, GenuineIntel



---------------  S Y S T E M  ---------------

OS: Windows 7 , 64 bit Build 7600 

CPU:total 8 (4 cores per cpu, 2 threads per core) family 6 model 26 stepping 5, cmov, cx8, fxsr, mmx, sse, sse2, sse3, ssse3, sse4.1, sse4.2, popcnt, ht

Memory: 4k page, physical 16768120k(11359368k free), swap 33534336k(27134496k free)

vm_info: Java HotSpot(TM) 64-Bit Server VM (21.0-b17) for windows-amd64 JRE (1.7.0-b147), built on Jun 27 2011 02:19:45 by "java_re" with unknown MS VC++:1600

time: Wed Apr 18 00:01:29 2012
elapsed time: 4154 seconds

